Log file open, 01/29/21 21:28:49
LogInit: Display: Running engine for game: TeamSneak
LogPlatformFile: Not using cached read wrapper
LogTaskGraph: Started task graph with 5 named threads and 14 total threads with 3 sets of task threads.
LogStats: Stats thread started at 0.297555
LogD3D11RHI: Loaded GFSDK_Aftermath_Lib.x64.dll
LogICUInternationalization: ICU TimeZone Detection - Raw Offset: +0:00, Platform Override: ''
LogPluginManager: Mounting plugin Paper2D
LogPluginManager: Mounting plugin AISupport
LogPluginManager: Mounting plugin LightPropagationVolume
LogPluginManager: Mounting plugin CameraShakePreviewer
LogPluginManager: Mounting plugin ActorLayerUtilities
LogPluginManager: Mounting plugin AnimationSharing
LogPluginManager: Mounting plugin CLionSourceCodeAccess
LogPluginManager: Mounting plugin CodeLiteSourceCodeAccess
LogPluginManager: Mounting plugin GitSourceControl
LogPluginManager: Mounting plugin KDevelopSourceCodeAccess
LogPluginManager: Mounting plugin NullSourceCodeAccess
LogPluginManager: Mounting plugin PerforceSourceControl
LogPluginManager: Mounting plugin PlasticSourceControl
LogPluginManager: Mounting plugin RiderSourceCodeAccess
LogPluginManager: Mounting plugin SubversionSourceControl
LogPluginManager: Mounting plugin UObjectPlugin
LogPluginManager: Mounting plugin VisualStudioCodeSourceCodeAccess
LogPluginManager: Mounting plugin VisualStudioSourceCodeAccess
LogPluginManager: Mounting plugin XCodeSourceCodeAccess
LogPluginManager: Mounting plugin AssetManagerEditor
LogPluginManager: Mounting plugin CryptoKeys
LogPluginManager: Mounting plugin CurveEditorTools
LogPluginManager: Mounting plugin DataValidation
LogPluginManager: Mounting plugin EditorScriptingUtilities
LogPluginManager: Mounting plugin FacialAnimation
LogPluginManager: Mounting plugin GameplayTagsEditor
LogPluginManager: Mounting plugin GeometryMode
LogPluginManager: Mounting plugin MacGraphicsSwitching
LogPluginManager: Mounting plugin MaterialAnalyzer
LogPluginManager: Mounting plugin MobileLauncherProfileWizard
LogPluginManager: Mounting plugin PluginBrowser
LogPluginManager: Mounting plugin SpeedTreeImporter
LogPluginManager: Mounting plugin DatasmithContent
LogPluginManager: Mounting plugin VariantManagerContent
LogPluginManager: Mounting plugin AlembicImporter
LogPluginManager: Mounting plugin AutomationUtils
LogPluginManager: Mounting plugin BackChannel
LogPluginManager: Mounting plugin ChaosCloth
LogPluginManager: Mounting plugin ChaosClothEditor
LogPluginManager: Mounting plugin ChaosEditor
LogPluginManager: Mounting plugin ChaosNiagara
LogPluginManager: Mounting plugin ChaosSolverPlugin
LogPluginManager: Mounting plugin CharacterAI
LogPluginManager: Mounting plugin GeometryCache
LogPluginManager: Mounting plugin GeometryCollectionPlugin
LogPluginManager: Mounting plugin GeometryProcessing
LogPluginManager: Mounting plugin PlanarCut
LogPluginManager: Mounting plugin PlatformCrypto
LogPluginManager: Mounting plugin ProxyLODPlugin
LogPluginManager: Mounting plugin SkeletalReduction
LogPluginManager: Mounting plugin Niagara
LogPluginManager: Mounting plugin MagicLeap
LogPluginManager: Mounting plugin MagicLeapLightEstimation
LogPluginManager: Mounting plugin MagicLeapMedia
LogPluginManager: Mounting plugin MagicLeapPassableWorld
LogPluginManager: Mounting plugin MLSDK
LogPluginManager: Mounting plugin AndroidMedia
LogPluginManager: Mounting plugin AvfMedia
LogPluginManager: Mounting plugin ImgMedia
LogPluginManager: Mounting plugin MediaCompositing
LogPluginManager: Mounting plugin MediaPlayerEditor
LogPluginManager: Mounting plugin WebMMedia
LogPluginManager: Mounting plugin WmfMedia
LogPluginManager: Mounting plugin MeshPainting
LogPluginManager: Mounting plugin TcpMessaging
LogPluginManager: Mounting plugin UdpMessaging
LogPluginManager: Mounting plugin ActorSequence
LogPluginManager: Mounting plugin LevelSequenceEditor
LogPluginManager: Mounting plugin MatineeToLevelSequence
LogPluginManager: Mounting plugin MovieRenderPipeline
LogPluginManager: Mounting plugin TemplateSequence
LogPluginManager: Mounting plugin NetcodeUnitTest
LogPluginManager: Mounting plugin NUTUnrealEngine4
LogPluginManager: Mounting plugin OnlineSubsystemGooglePlay
LogPluginManager: Mounting plugin OnlineSubsystemIOS
LogPluginManager: Mounting plugin OnlineSubsystem
LogPluginManager: Mounting plugin OnlineSubsystemNull
LogPluginManager: Mounting plugin OnlineSubsystemUtils
LogPluginManager: Mounting plugin LauncherChunkInstaller
LogPluginManager: Mounting plugin AndroidDeviceProfileSelector
LogPluginManager: Mounting plugin AndroidMoviePlayer
LogPluginManager: Mounting plugin AndroidPermission
LogPluginManager: Mounting plugin AppleImageUtils
LogPluginManager: Mounting plugin AppleMoviePlayer
LogPluginManager: Mounting plugin ArchVisCharacter
LogPluginManager: Mounting plugin AssetTags
LogPluginManager: Mounting plugin AudioCapture
LogPluginManager: Mounting plugin CableComponent
LogPluginManager: Mounting plugin CustomMeshComponent
LogPluginManager: Mounting plugin EditableMesh
LogPluginManager: Mounting plugin ExampleDeviceProfileSelector
LogPluginManager: Mounting plugin GoogleCloudMessaging
LogPluginManager: Mounting plugin GooglePAD
LogPluginManager: Mounting plugin IOSDeviceProfileSelector
LogPluginManager: Mounting plugin LinuxDeviceProfileSelector
LogPluginManager: Mounting plugin LocationServicesBPLibrary
LogPluginManager: Mounting plugin MobilePatchingUtils
LogPluginManager: Mounting plugin OculusVR
LogPluginManager: Mounting plugin PhysXVehicles
LogPluginManager: Mounting plugin PostSplashScreen
LogPluginManager: Mounting plugin ProceduralMeshComponent
LogPluginManager: Mounting plugin RuntimePhysXCooking
LogPluginManager: Mounting plugin SignificanceManager
LogPluginManager: Mounting plugin SoundFields
LogPluginManager: Mounting plugin SteamVR
LogPluginManager: Mounting plugin Synthesis
LogPluginManager: Mounting plugin WebMMoviePlayer
LogPluginManager: Mounting plugin WindowsMoviePlayer
LogPluginManager: Mounting plugin ScreenshotTools
LogInit: Using libcurl 7.55.1-DEV
LogInit:  - built for x86_64-pc-win32
LogInit:  - supports SSL with OpenSSL/1.1.1
LogInit:  - supports HTTP deflate (compression) using libz 1.2.8
LogInit:  - other features:
LogInit:      CURL_VERSION_SSL
LogInit:      CURL_VERSION_LIBZ
LogInit:      CURL_VERSION_IPV6
LogInit:      CURL_VERSION_ASYNCHDNS
LogInit:      CURL_VERSION_LARGEFILE
LogInit:      CURL_VERSION_IDN
LogInit:  CurlRequestOptions (configurable via config and command line):
LogInit:  - bVerifyPeer = true  - Libcurl will verify peer certificate
LogInit:  - bUseHttpProxy = false  - Libcurl will NOT use HTTP proxy
LogInit:  - bDontReuseConnections = false  - Libcurl will reuse connections
LogInit:  - MaxHostConnections = 16  - Libcurl will limit the number of connections to a host
LogInit:  - LocalHostAddr = Default
LogInit:  - BufferSize = 65536
LogOnline: OSS: Creating online subsystem instance for: NULL
LogInit: WinSock: version 1.1 (2.2), MaxSocks=32767, MaxUdp=65467
LogOnline: OSS: TryLoadSubsystemAndSetDefault: Loaded subsystem for module [NULL]
LogOculusPluginWrapper: OculusPlugin initialized successfully
LogInit: Build: ++UE4+Release-4.25-CL-14469661
LogInit: Engine Version: 4.25.4-14469661+++UE4+Release-4.25
LogInit: Compatible Engine Version: 4.25.0-13144385+++UE4+Release-4.25
LogInit: Net CL: 13144385
LogInit: OS: Windows 10 (Release 2004) (), CPU: Intel(R) Core(TM) i5-6500 CPU @ 3.20GHz, GPU: NVIDIA GeForce GTX 1060 6GB
LogInit: Compiled (64-bit): Oct 11 2020 08:10:49
LogInit: Compiled with Visual C++: 19.24.28315.00
LogInit: Build Configuration: Development
LogInit: Branch Name: ++UE4+Release-4.25
LogInit: Command Line: 
LogInit: Base Directory: X:/Raxs Slayer/System/Games/UE_4.25/Engine/Binaries/Win64/
LogInit: Allocator: TBB
LogInit: Installed Engine Build: 1
LogDevObjectVersion: Number of dev versions registered: 26
LogDevObjectVersion:   Dev-Blueprints (B0D832E4-1F89-4F0D-ACCF-7EB736FD4AA2): 10
LogDevObjectVersion:   Dev-Build (E1C64328-A22C-4D53-A36C-8E866417BD8C): 0
LogDevObjectVersion:   Dev-Core (375EC13C-06E4-48FB-B500-84F0262A717E): 4
LogDevObjectVersion:   Dev-Editor (E4B068ED-F494-42E9-A231-DA0B2E46BB41): 38
LogDevObjectVersion:   Dev-Framework (CFFC743F-43B0-4480-9391-14DF171D2073): 37
LogDevObjectVersion:   Dev-Mobile (B02B49B5-BB20-44E9-A304-32B752E40360): 2
LogDevObjectVersion:   Dev-Networking (A4E4105C-59A1-49B5-A7C5-40C4547EDFEE): 0
LogDevObjectVersion:   Dev-Online (39C831C9-5AE6-47DC-9A44-9C173E1C8E7C): 0
LogDevObjectVersion:   Dev-Physics (78F01B33-EBEA-4F98-B9B4-84EACCB95AA2): 4
LogDevObjectVersion:   Dev-Platform (6631380F-2D4D-43E0-8009-CF276956A95A): 0
LogDevObjectVersion:   Dev-Rendering (12F88B9F-8875-4AFC-A67C-D90C383ABD29): 43
LogDevObjectVersion:   Dev-Sequencer (7B5AE74C-D270-4C10-A958-57980B212A5A): 12
LogDevObjectVersion:   Dev-VR (D7296918-1DD6-4BDD-9DE2-64A83CC13884): 3
LogDevObjectVersion:   Dev-LoadTimes (C2A15278-BFE7-4AFE-6C17-90FF531DF755): 1
LogDevObjectVersion:   Private-Geometry (6EACA3D4-40EC-4CC1-B786-8BED09428FC5): 3
LogDevObjectVersion:   Dev-AnimPhys (29E575DD-E0A3-4627-9D10-D276232CDCEA): 17
LogDevObjectVersion:   Dev-Anim (AF43A65D-7FD3-4947-9873-3E8ED9C1BB05): 7
LogDevObjectVersion:   Dev-ReflectionCapture (6B266CEC-1EC7-4B8F-A30B-E4D90942FC07): 1
LogDevObjectVersion:   Dev-Automation (0DF73D61-A23F-47EA-B727-89E90C41499A): 1
LogDevObjectVersion:   FortniteMain (601D1886-AC64-4F84-AA16-D3DE0DEAC7D6): 31
LogDevObjectVersion:   Dev-Enterprise (9DFFBCD6-494F-0158-E221-12823C92A888): 10
LogDevObjectVersion:   Dev-Niagara (F2AED0AC-9AFE-416F-8664-AA7FFA26D6FC): 1
LogDevObjectVersion:   Dev-Destruction (174F1F0B-B4C6-45A5-B13F-2EE8D0FB917D): 10
LogDevObjectVersion:   Dev-Physics-Ext (35F94A83-E258-406C-A318-09F59610247C): 37
LogDevObjectVersion:   Dev-PhysicsMaterial-Chaos (B68FC16E-8B1B-42E2-B453-215C058844FE): 1
LogDevObjectVersion:   Dev-CineCamera (B2E18506-4273-CFC2-A54E-F4BB758BBA07): 1
LogInit: Presizing for max 25165824 objects, including 0 objects not considered by GC, pre-allocating 0 bytes for permanent pool.
LogConfig: Applying CVar settings from Section [/Script/Engine.StreamingSettings] File [X:/RadForge/Git/LostAndFound/TeamSneak/Saved/Config/Windows/Engine.ini]
LogConfig: Setting CVar [[s.MinBulkDataSizeForAsyncLoading:131072]]
LogConfig: Setting CVar [[s.AsyncLoadingThreadEnabled:0]]
LogConfig: Setting CVar [[s.EventDrivenLoaderEnabled:1]]
LogConfig: Setting CVar [[s.WarnIfTimeLimitExceeded:0]]
LogConfig: Setting CVar [[s.TimeLimitExceededMultiplier:1.5]]
LogConfig: Setting CVar [[s.TimeLimitExceededMinTime:0.005]]
LogConfig: Setting CVar [[s.UseBackgroundLevelStreaming:1]]
LogConfig: Setting CVar [[s.PriorityAsyncLoadingExtraTime:15.0]]
LogConfig: Setting CVar [[s.LevelStreamingActorsUpdateTimeLimit:5.0]]
LogConfig: Setting CVar [[s.PriorityLevelStreamingActorsUpdateExtraTime:5.0]]
LogConfig: Setting CVar [[s.LevelStreamingComponentsRegistrationGranularity:10]]
LogConfig: Setting CVar [[s.UnregisterComponentsTimeLimit:1.0]]
LogConfig: Setting CVar [[s.LevelStreamingComponentsUnregistrationGranularity:5]]
LogConfig: Setting CVar [[s.FlushStreamingOnExit:1]]
LogInit: Object subsystem initialized
LogConfig: Setting CVar [[con.DebugEarlyDefault:1]]
LogConfig: Setting CVar [[r.setres:1280x720]]
[2021.01.29-21.28.49:727][  0]LogConfig: Setting CVar [[r.VSync:0]]
[2021.01.29-21.28.49:727][  0]LogConfig: Setting CVar [[r.RHICmdBypass:0]]
[2021.01.29-21.28.49:727][  0]LogConfig: Applying CVar settings from Section [/Script/Engine.RendererSettings] File [X:/RadForge/Git/LostAndFound/TeamSneak/Saved/Config/Windows/Engine.ini]
[2021.01.29-21.28.49:727][  0]LogConfig: Setting CVar [[r.GPUCrashDebugging:0]]
[2021.01.29-21.28.49:727][  0]LogConfig: Applying CVar settings from Section [/Script/Engine.RendererOverrideSettings] File [X:/RadForge/Git/LostAndFound/TeamSneak/Saved/Config/Windows/Engine.ini]
[2021.01.29-21.28.49:727][  0]LogConfig: Applying CVar settings from Section [/Script/Engine.StreamingSettings] File [X:/RadForge/Git/LostAndFound/TeamSneak/Saved/Config/Windows/Engine.ini]
[2021.01.29-21.28.49:727][  0]LogConfig: Setting CVar [[s.MinBulkDataSizeForAsyncLoading:131072]]
[2021.01.29-21.28.49:727][  0]LogConfig: Setting CVar [[s.AsyncLoadingThreadEnabled:0]]
[2021.01.29-21.28.49:727][  0]LogConfig: Setting CVar [[s.EventDrivenLoaderEnabled:1]]
[2021.01.29-21.28.49:727][  0]LogConfig: Setting CVar [[s.WarnIfTimeLimitExceeded:0]]
[2021.01.29-21.28.49:727][  0]LogConfig: Setting CVar [[s.TimeLimitExceededMultiplier:1.5]]
[2021.01.29-21.28.49:727][  0]LogConfig: Setting CVar [[s.TimeLimitExceededMinTime:0.005]]
[2021.01.29-21.28.49:727][  0]LogConfig: Setting CVar [[s.UseBackgroundLevelStreaming:1]]
[2021.01.29-21.28.49:727][  0]LogConfig: Setting CVar [[s.PriorityAsyncLoadingExtraTime:15.0]]
[2021.01.29-21.28.49:727][  0]LogConfig: Setting CVar [[s.LevelStreamingActorsUpdateTimeLimit:5.0]]
[2021.01.29-21.28.49:727][  0]LogConfig: Setting CVar [[s.PriorityLevelStreamingActorsUpdateExtraTime:5.0]]
[2021.01.29-21.28.49:727][  0]LogConfig: Setting CVar [[s.LevelStreamingComponentsRegistrationGranularity:10]]
[2021.01.29-21.28.49:728][  0]LogConfig: Setting CVar [[s.UnregisterComponentsTimeLimit:1.0]]
[2021.01.29-21.28.49:728][  0]LogConfig: Setting CVar [[s.LevelStreamingComponentsUnregistrationGranularity:5]]
[2021.01.29-21.28.49:728][  0]LogConfig: Setting CVar [[s.FlushStreamingOnExit:1]]
[2021.01.29-21.28.49:728][  0]LogConfig: Applying CVar settings from Section [/Script/Engine.GarbageCollectionSettings] File [X:/RadForge/Git/LostAndFound/TeamSneak/Saved/Config/Windows/Engine.ini]
[2021.01.29-21.28.49:728][  0]LogConfig: Setting CVar [[gc.MaxObjectsNotConsideredByGC:1]]
[2021.01.29-21.28.49:728][  0]LogConfig: Setting CVar [[gc.SizeOfPermanentObjectPool:0]]
[2021.01.29-21.28.49:728][  0]LogConfig: Setting CVar [[gc.FlushStreamingOnGC:0]]
[2021.01.29-21.28.49:728][  0]LogConfig: Setting CVar [[gc.NumRetriesBeforeForcingGC:10]]
[2021.01.29-21.28.49:728][  0]LogConfig: Setting CVar [[gc.AllowParallelGC:1]]
[2021.01.29-21.28.49:728][  0]LogConfig: Setting CVar [[gc.TimeBetweenPurgingPendingKillObjects:61.1]]
[2021.01.29-21.28.49:728][  0]LogConfig: Setting CVar [[gc.MaxObjectsInEditor:25165824]]
[2021.01.29-21.28.49:728][  0]LogConfig: Setting CVar [[gc.IncrementalBeginDestroyEnabled:1]]
[2021.01.29-21.28.49:728][  0]LogConfig: Setting CVar [[gc.CreateGCClusters:1]]
[2021.01.29-21.28.49:728][  0]LogConfig: Setting CVar [[gc.MinGCClusterSize:5]]
[2021.01.29-21.28.49:728][  0]LogConfig: Setting CVar [[gc.ActorClusteringEnabled:0]]
[2021.01.29-21.28.49:728][  0]LogConfig: Setting CVar [[gc.BlueprintClusteringEnabled:0]]
[2021.01.29-21.28.49:728][  0]LogConfig: Setting CVar [[gc.UseDisregardForGCOnDedicatedServers:0]]
[2021.01.29-21.28.49:728][  0]LogConfig: Applying CVar settings from Section [/Script/Engine.NetworkSettings] File [X:/RadForge/Git/LostAndFound/TeamSneak/Saved/Config/Windows/Engine.ini]
[2021.01.29-21.28.49:728][  0]LogConfig: Applying CVar settings from Section [/Script/UnrealEd.CookerSettings] File [X:/RadForge/Git/LostAndFound/TeamSneak/Saved/Config/Windows/Engine.ini]
[2021.01.29-21.28.49:733][  0]LogConfig: Applying CVar settings from Section [ViewDistanceQuality@3] File [X:/RadForge/Git/LostAndFound/TeamSneak/Saved/Config/Windows/Scalability.ini]
[2021.01.29-21.28.49:733][  0]LogConfig: Setting CVar [[r.SkeletalMeshLODBias:0]]
[2021.01.29-21.28.49:733][  0]LogConfig: Setting CVar [[r.ViewDistanceScale:1.0]]
[2021.01.29-21.28.49:733][  0]LogConfig: Applying CVar settings from Section [AntiAliasingQuality@3] File [X:/RadForge/Git/LostAndFound/TeamSneak/Saved/Config/Windows/Scalability.ini]
[2021.01.29-21.28.49:733][  0]LogConfig: Setting CVar [[r.PostProcessAAQuality:4]]
[2021.01.29-21.28.49:733][  0]LogConfig: Applying CVar settings from Section [ShadowQuality@3] File [X:/RadForge/Git/LostAndFound/TeamSneak/Saved/Config/Windows/Scalability.ini]
[2021.01.29-21.28.49:733][  0]LogConfig: Setting CVar [[r.LightFunctionQuality:1]]
[2021.01.29-21.28.49:733][  0]LogConfig: Setting CVar [[r.ShadowQuality:5]]
[2021.01.29-21.28.49:733][  0]LogConfig: Setting CVar [[r.Shadow.CSM.MaxCascades:10]]
[2021.01.29-21.28.49:733][  0]LogConfig: Setting CVar [[r.Shadow.MaxResolution:2048]]
[2021.01.29-21.28.49:733][  0]LogConfig: Setting CVar [[r.Shadow.MaxCSMResolution:2048]]
[2021.01.29-21.28.49:733][  0]LogConfig: Setting CVar [[r.Shadow.RadiusThreshold:0.01]]
[2021.01.29-21.28.49:733][  0]LogConfig: Setting CVar [[r.Shadow.DistanceScale:1.0]]
[2021.01.29-21.28.49:733][  0]LogConfig: Setting CVar [[r.Shadow.CSM.TransitionScale:1.0]]
[2021.01.29-21.28.49:733][  0]LogConfig: Setting CVar [[r.Shadow.PreShadowResolutionFactor:1.0]]
[2021.01.29-21.28.49:733][  0]LogConfig: Setting CVar [[r.DistanceFieldShadowing:1]]
[2021.01.29-21.28.49:733][  0]LogConfig: Setting CVar [[r.DistanceFieldAO:1]]
[2021.01.29-21.28.49:733][  0]LogConfig: Setting CVar [[r.AOQuality:2]]
[2021.01.29-21.28.49:733][  0]LogConfig: Setting CVar [[r.VolumetricFog:1]]
[2021.01.29-21.28.49:733][  0]LogConfig: Setting CVar [[r.VolumetricFog.GridPixelSize:8]]
[2021.01.29-21.28.49:733][  0]LogConfig: Setting CVar [[r.VolumetricFog.GridSizeZ:128]]
[2021.01.29-21.28.49:733][  0]LogConfig: Setting CVar [[r.VolumetricFog.HistoryMissSupersampleCount:4]]
[2021.01.29-21.28.49:733][  0]LogConfig: Setting CVar [[r.LightMaxDrawDistanceScale:1]]
[2021.01.29-21.28.49:733][  0]LogConfig: Setting CVar [[r.CapsuleShadows:1]]
[2021.01.29-21.28.49:733][  0]LogConfig: Applying CVar settings from Section [PostProcessQuality@3] File [X:/RadForge/Git/LostAndFound/TeamSneak/Saved/Config/Windows/Scalability.ini]
[2021.01.29-21.28.49:733][  0]LogConfig: Setting CVar [[r.MotionBlurQuality:4]]
[2021.01.29-21.28.49:733][  0]LogConfig: Setting CVar [[r.AmbientOcclusionMipLevelFactor:0.4]]
[2021.01.29-21.28.49:733][  0]LogConfig: Setting CVar [[r.AmbientOcclusionMaxQuality:100]]
[2021.01.29-21.28.49:733][  0]LogConfig: Setting CVar [[r.AmbientOcclusionLevels:-1]]
[2021.01.29-21.28.49:733][  0]LogConfig: Setting CVar [[r.AmbientOcclusionRadiusScale:1.0]]
[2021.01.29-21.28.49:733][  0]LogConfig: Setting CVar [[r.DepthOfFieldQuality:2]]
[2021.01.29-21.28.49:733][  0]LogConfig: Setting CVar [[r.RenderTargetPoolMin:400]]
[2021.01.29-21.28.49:733][  0]LogConfig: Setting CVar [[r.LensFlareQuality:2]]
[2021.01.29-21.28.49:733][  0]LogConfig: Setting CVar [[r.SceneColorFringeQuality:1]]
[2021.01.29-21.28.49:733][  0]LogConfig: Setting CVar [[r.EyeAdaptationQuality:2]]
[2021.01.29-21.28.49:733][  0]LogConfig: Setting CVar [[r.BloomQuality:5]]
[2021.01.29-21.28.49:733][  0]LogConfig: Setting CVar [[r.FastBlurThreshold:100]]
[2021.01.29-21.28.49:733][  0]LogConfig: Setting CVar [[r.Upscale.Quality:3]]
[2021.01.29-21.28.49:733][  0]LogConfig: Setting CVar [[r.Tonemapper.GrainQuantization:1]]
[2021.01.29-21.28.49:733][  0]LogConfig: Setting CVar [[r.LightShaftQuality:1]]
[2021.01.29-21.28.49:733][  0]LogConfig: Setting CVar [[r.Filter.SizeScale:1]]
[2021.01.29-21.28.49:733][  0]LogConfig: Setting CVar [[r.Tonemapper.Quality:5]]
[2021.01.29-21.28.49:733][  0]LogConfig: Setting CVar [[r.DOF.Gather.AccumulatorQuality:1        ; higher gathering accumulator quality]]
[2021.01.29-21.28.49:733][  0]LogConfig: Setting CVar [[r.DOF.Gather.PostfilterMethod:1          ; Median3x3 postfilering method]]
[2021.01.29-21.28.49:733][  0]LogConfig: Setting CVar [[r.DOF.Gather.EnableBokehSettings:0       ; no bokeh simulation when gathering]]
[2021.01.29-21.28.49:733][  0]LogConfig: Setting CVar [[r.DOF.Gather.RingCount:4                 ; medium number of samples when gathering]]
[2021.01.29-21.28.49:734][  0]LogConfig: Setting CVar [[r.DOF.Scatter.ForegroundCompositing:1    ; additive foreground scattering]]
[2021.01.29-21.28.49:734][  0]LogConfig: Setting CVar [[r.DOF.Scatter.BackgroundCompositing:2    ; additive background scattering]]
[2021.01.29-21.28.49:734][  0]LogConfig: Setting CVar [[r.DOF.Scatter.EnableBokehSettings:1      ; bokeh simulation when scattering]]
[2021.01.29-21.28.49:734][  0]LogConfig: Setting CVar [[r.DOF.Scatter.MaxSpriteRatio:0.1         ; only a maximum of 10% of scattered bokeh]]
[2021.01.29-21.28.49:734][  0]LogConfig: Setting CVar [[r.DOF.Recombine.Quality:1                ; cheap slight out of focus]]
[2021.01.29-21.28.49:734][  0]LogConfig: Setting CVar [[r.DOF.Recombine.EnableBokehSettings:0    ; no bokeh simulation on slight out of focus]]
[2021.01.29-21.28.49:734][  0]LogConfig: Setting CVar [[r.DOF.TemporalAAQuality:1                ; more stable temporal accumulation]]
[2021.01.29-21.28.49:734][  0]LogConfig: Setting CVar [[r.DOF.Kernel.MaxForegroundRadius:0.025]]
[2021.01.29-21.28.49:734][  0]LogConfig: Setting CVar [[r.DOF.Kernel.MaxBackgroundRadius:0.025]]
[2021.01.29-21.28.49:734][  0]LogConfig: Applying CVar settings from Section [TextureQuality@3] File [X:/RadForge/Git/LostAndFound/TeamSneak/Saved/Config/Windows/Scalability.ini]
[2021.01.29-21.28.49:734][  0]LogConfig: Setting CVar [[r.Streaming.MipBias:0]]
[2021.01.29-21.28.49:734][  0]LogConfig: Setting CVar [[r.Streaming.AmortizeCPUToGPUCopy:0]]
[2021.01.29-21.28.49:734][  0]LogConfig: Setting CVar [[r.Streaming.MaxNumTexturesToStreamPerFrame:0]]
[2021.01.29-21.28.49:734][  0]LogConfig: Setting CVar [[r.Streaming.Boost:1]]
[2021.01.29-21.28.49:734][  0]LogConfig: Setting CVar [[r.MaxAnisotropy:8]]
[2021.01.29-21.28.49:734][  0]LogConfig: Setting CVar [[r.VT.MaxAnisotropy:8]]
[2021.01.29-21.28.49:734][  0]LogConfig: Setting CVar [[r.Streaming.LimitPoolSizeToVRAM:0]]
[2021.01.29-21.28.49:734][  0]LogConfig: Setting CVar [[r.Streaming.PoolSize:1000]]
[2021.01.29-21.28.49:734][  0]LogConfig: Setting CVar [[r.Streaming.MaxEffectiveScreenSize:0]]
[2021.01.29-21.28.49:734][  0]LogConfig: Applying CVar settings from Section [EffectsQuality@3] File [X:/RadForge/Git/LostAndFound/TeamSneak/Saved/Config/Windows/Scalability.ini]
[2021.01.29-21.28.49:734][  0]LogConfig: Setting CVar [[r.TranslucencyLightingVolumeDim:64]]
[2021.01.29-21.28.49:734][  0]LogConfig: Setting CVar [[r.RefractionQuality:2]]
[2021.01.29-21.28.49:734][  0]LogConfig: Setting CVar [[r.SSR.Quality:3]]
[2021.01.29-21.28.49:734][  0]LogConfig: Setting CVar [[r.SSR.HalfResSceneColor:0]]
[2021.01.29-21.28.49:734][  0]LogConfig: Setting CVar [[r.SceneColorFormat:4]]
[2021.01.29-21.28.49:734][  0]LogConfig: Setting CVar [[r.DetailMode:2]]
[2021.01.29-21.28.49:734][  0]LogConfig: Setting CVar [[r.TranslucencyVolumeBlur:1]]
[2021.01.29-21.28.49:734][  0]LogConfig: Setting CVar [[r.MaterialQualityLevel:1 ; High quality]]
[2021.01.29-21.28.49:734][  0]LogConfig: Setting CVar [[r.SSS.Scale:1]]
[2021.01.29-21.28.49:734][  0]LogConfig: Setting CVar [[r.SSS.SampleSet:2]]
[2021.01.29-21.28.49:734][  0]LogConfig: Setting CVar [[r.SSS.Quality:1]]
[2021.01.29-21.28.49:734][  0]LogConfig: Setting CVar [[r.SSS.HalfRes:0]]
[2021.01.29-21.28.49:734][  0]LogConfig: Setting CVar [[r.SSGI.Quality:3]]
[2021.01.29-21.28.49:734][  0]LogConfig: Setting CVar [[r.EmitterSpawnRateScale:1.0]]
[2021.01.29-21.28.49:734][  0]LogConfig: Setting CVar [[r.ParticleLightQuality:2]]
[2021.01.29-21.28.49:734][  0]LogConfig: Setting CVar [[r.SkyAtmosphere.AerialPerspectiveLUT.FastApplyOnOpaque:1 ; Always have FastSkyLUT 1 in this case to avoid wrong sky]]
[2021.01.29-21.28.49:734][  0]LogConfig: Setting CVar [[r.SkyAtmosphere.AerialPerspectiveLUT.SampleCountPerSlice:1]]
[2021.01.29-21.28.49:734][  0]LogConfig: Setting CVar [[r.SkyAtmosphere.AerialPerspectiveLUT.DepthResolution:16.0]]
[2021.01.29-21.28.49:734][  0]LogConfig: Setting CVar [[r.SkyAtmosphere.FastSkyLUT:1]]
[2021.01.29-21.28.49:734][  0]LogConfig: Setting CVar [[r.SkyAtmosphere.FastSkyLUT.SampleCountMin:4.0]]
[2021.01.29-21.28.49:734][  0]LogConfig: Setting CVar [[r.SkyAtmosphere.FastSkyLUT.SampleCountMax:32.0]]
[2021.01.29-21.28.49:734][  0]LogConfig: Setting CVar [[r.SkyAtmosphere.SampleCountMin:4.0]]
[2021.01.29-21.28.49:734][  0]LogConfig: Setting CVar [[r.SkyAtmosphere.SampleCountMax:32.0]]
[2021.01.29-21.28.49:734][  0]LogConfig: Setting CVar [[r.SkyAtmosphere.TransmittanceLUT.UseSmallFormat:0]]
[2021.01.29-21.28.49:734][  0]LogConfig: Setting CVar [[r.SkyAtmosphere.TransmittanceLUT.SampleCount:10.0]]
[2021.01.29-21.28.49:734][  0]LogConfig: Setting CVar [[r.SkyAtmosphere.MultiScatteringLUT.SampleCount:15.0]]
[2021.01.29-21.28.49:734][  0]LogConfig: Applying CVar settings from Section [FoliageQuality@3] File [X:/RadForge/Git/LostAndFound/TeamSneak/Saved/Config/Windows/Scalability.ini]
[2021.01.29-21.28.49:734][  0]LogConfig: Setting CVar [[foliage.DensityScale:1.0]]
[2021.01.29-21.28.49:734][  0]LogConfig: Setting CVar [[grass.DensityScale:1.0]]
[2021.01.29-21.28.49:734][  0]LogConfig: Applying CVar settings from Section [ShadingQuality@3] File [X:/RadForge/Git/LostAndFound/TeamSneak/Saved/Config/Windows/Scalability.ini]
[2021.01.29-21.28.49:734][  0]LogConfig: Setting CVar [[r.HairStrands.SkyLighting.SampleCount:16]]
[2021.01.29-21.28.49:734][  0]LogConfig: Setting CVar [[r.HairStrands.SkyLighting.JitterIntegration:0]]
[2021.01.29-21.28.49:734][  0]LogConfig: Setting CVar [[r.HairStrands.SkyAO.SampleCount:16]]
[2021.01.29-21.28.49:734][  0]LogConfig: Setting CVar [[r.HairStrands.DeepShadow.SuperSampling:0]]
[2021.01.29-21.28.49:734][  0]LogConfig: Setting CVar [[r.HairStrands.VisibilityPPLL:0]]
[2021.01.29-21.28.49:734][  0]LogConfig: Setting CVar [[r.HairStrands.RasterizationScale:0.5]]
[2021.01.29-21.28.49:734][  0]LogConfig: Setting CVar [[r.HairStrands.VelocityRasterizationScale:1]]
[2021.01.29-21.28.49:734][  0]LogInit: Selected Device Profile: [Windows]
[2021.01.29-21.28.49:735][  0]LogInit: Applying CVar settings loaded from the selected device profile: [Windows]
[2021.01.29-21.28.49:735][  0]LogHAL: Display: Platform has ~ 16 GB [17129684992 / 17179869184 / 16], which maps to Larger [LargestMinGB=32, LargerMinGB=12, DefaultMinGB=8, SmallerMinGB=6, SmallestMinGB=0)
[2021.01.29-21.28.49:735][  0]LogInit: Going up to parent DeviceProfile []
[2021.01.29-21.28.49:735][  0]LogConfig: Applying CVar settings from Section [ViewDistanceQuality@1] File [X:/RadForge/Git/LostAndFound/TeamSneak/Saved/Config/Windows/Scalability.ini]
[2021.01.29-21.28.49:735][  0]LogConfig: Setting CVar [[r.SkeletalMeshLODBias:1]]
[2021.01.29-21.28.49:735][  0]LogConfig: Setting CVar [[r.ViewDistanceScale:0.6]]
[2021.01.29-21.28.49:735][  0]LogConfig: Applying CVar settings from Section [AntiAliasingQuality@1] File [X:/RadForge/Git/LostAndFound/TeamSneak/Saved/Config/Windows/Scalability.ini]
[2021.01.29-21.28.49:735][  0]LogConfig: Setting CVar [[r.PostProcessAAQuality:2]]
[2021.01.29-21.28.49:735][  0]LogConfig: Applying CVar settings from Section [ShadowQuality@2] File [X:/RadForge/Git/LostAndFound/TeamSneak/Saved/Config/Windows/Scalability.ini]
[2021.01.29-21.28.49:735][  0]LogConfig: Setting CVar [[r.LightFunctionQuality:1]]
[2021.01.29-21.28.49:735][  0]LogConfig: Setting CVar [[r.ShadowQuality:5]]
[2021.01.29-21.28.49:735][  0]LogConfig: Setting CVar [[r.Shadow.CSM.MaxCascades:4]]
[2021.01.29-21.28.49:735][  0]LogConfig: Setting CVar [[r.Shadow.MaxResolution:1024]]
[2021.01.29-21.28.49:735][  0]LogConfig: Setting CVar [[r.Shadow.MaxCSMResolution:2048]]
[2021.01.29-21.28.49:735][  0]LogConfig: Setting CVar [[r.Shadow.RadiusThreshold:0.04]]
[2021.01.29-21.28.49:735][  0]LogConfig: Setting CVar [[r.Shadow.DistanceScale:0.85]]
[2021.01.29-21.28.49:735][  0]LogConfig: Setting CVar [[r.Shadow.CSM.TransitionScale:0.8]]
[2021.01.29-21.28.49:735][  0]LogConfig: Setting CVar [[r.Shadow.PreShadowResolutionFactor:0.5]]
[2021.01.29-21.28.49:735][  0]LogConfig: Setting CVar [[r.DistanceFieldShadowing:1]]
[2021.01.29-21.28.49:735][  0]LogConfig: Setting CVar [[r.DistanceFieldAO:1]]
[2021.01.29-21.28.49:735][  0]LogConfig: Setting CVar [[r.AOQuality:1]]
[2021.01.29-21.28.49:735][  0]LogConfig: Setting CVar [[r.VolumetricFog:1]]
[2021.01.29-21.28.49:735][  0]LogConfig: Setting CVar [[r.VolumetricFog.GridPixelSize:16]]
[2021.01.29-21.28.49:735][  0]LogConfig: Setting CVar [[r.VolumetricFog.GridSizeZ:64]]
[2021.01.29-21.28.49:735][  0]LogConfig: Setting CVar [[r.VolumetricFog.HistoryMissSupersampleCount:4]]
[2021.01.29-21.28.49:735][  0]LogConfig: Setting CVar [[r.LightMaxDrawDistanceScale:1]]
[2021.01.29-21.28.49:735][  0]LogConfig: Setting CVar [[r.CapsuleShadows:1]]
[2021.01.29-21.28.49:735][  0]LogConfig: Applying CVar settings from Section [PostProcessQuality@2] File [X:/RadForge/Git/LostAndFound/TeamSneak/Saved/Config/Windows/Scalability.ini]
[2021.01.29-21.28.49:735][  0]LogConfig: Setting CVar [[r.MotionBlurQuality:3]]
[2021.01.29-21.28.49:735][  0]LogConfig: Setting CVar [[r.AmbientOcclusionMipLevelFactor:0.6]]
[2021.01.29-21.28.49:735][  0]LogConfig: Setting CVar [[r.AmbientOcclusionMaxQuality:100]]
[2021.01.29-21.28.49:735][  0]LogConfig: Setting CVar [[r.AmbientOcclusionLevels:-1]]
[2021.01.29-21.28.49:735][  0]LogConfig: Setting CVar [[r.AmbientOcclusionRadiusScale:1.5]]
[2021.01.29-21.28.49:735][  0]LogConfig: Setting CVar [[r.DepthOfFieldQuality:2]]
[2021.01.29-21.28.49:735][  0]LogConfig: Setting CVar [[r.RenderTargetPoolMin:400]]
[2021.01.29-21.28.49:735][  0]LogConfig: Setting CVar [[r.LensFlareQuality:2]]
[2021.01.29-21.28.49:735][  0]LogConfig: Setting CVar [[r.SceneColorFringeQuality:1]]
[2021.01.29-21.28.49:735][  0]LogConfig: Setting CVar [[r.EyeAdaptationQuality:2]]
[2021.01.29-21.28.49:735][  0]LogConfig: Setting CVar [[r.BloomQuality:5]]
[2021.01.29-21.28.49:735][  0]LogConfig: Setting CVar [[r.FastBlurThreshold:3]]
[2021.01.29-21.28.49:735][  0]LogConfig: Setting CVar [[r.Upscale.Quality:2]]
[2021.01.29-21.28.49:735][  0]LogConfig: Setting CVar [[r.Tonemapper.GrainQuantization:1]]
[2021.01.29-21.28.49:735][  0]LogConfig: Setting CVar [[r.LightShaftQuality:1]]
[2021.01.29-21.28.49:735][  0]LogConfig: Setting CVar [[r.Filter.SizeScale:0.8]]
[2021.01.29-21.28.49:735][  0]LogConfig: Setting CVar [[r.Tonemapper.Quality:5]]
[2021.01.29-21.28.49:735][  0]LogConfig: Setting CVar [[r.DOF.Gather.AccumulatorQuality:0        ; lower gathering accumulator quality]]
[2021.01.29-21.28.49:735][  0]LogConfig: Setting CVar [[r.DOF.Gather.PostfilterMethod:2          ; Max3x3 postfilering method]]
[2021.01.29-21.28.49:735][  0]LogConfig: Setting CVar [[r.DOF.Gather.EnableBokehSettings:0       ; no bokeh simulation when gathering]]
[2021.01.29-21.28.49:735][  0]LogConfig: Setting CVar [[r.DOF.Gather.RingCount:4                 ; medium number of samples when gathering]]
[2021.01.29-21.28.49:735][  0]LogConfig: Setting CVar [[r.DOF.Scatter.ForegroundCompositing:1    ; additive foreground scattering]]
[2021.01.29-21.28.49:735][  0]LogConfig: Setting CVar [[r.DOF.Scatter.BackgroundCompositing:1    ; no background occlusion]]
[2021.01.29-21.28.49:735][  0]LogConfig: Setting CVar [[r.DOF.Scatter.EnableBokehSettings:0      ; no bokeh simulation when scattering]]
[2021.01.29-21.28.49:735][  0]LogConfig: Setting CVar [[r.DOF.Scatter.MaxSpriteRatio:0.04        ; only a maximum of 4% of scattered bokeh]]
[2021.01.29-21.28.49:735][  0]LogConfig: Setting CVar [[r.DOF.Recombine.Quality:0                ; no slight out of focus]]
[2021.01.29-21.28.49:735][  0]LogConfig: Setting CVar [[r.DOF.TemporalAAQuality:0                ; faster temporal accumulation]]
[2021.01.29-21.28.49:735][  0]LogConfig: Setting CVar [[r.DOF.Kernel.MaxForegroundRadius:0.012   ; required because of AccumulatorQuality=0]]
[2021.01.29-21.28.49:736][  0]LogConfig: Setting CVar [[r.DOF.Kernel.MaxBackgroundRadius:0.012   ; required because of AccumulatorQuality=0]]
[2021.01.29-21.28.49:736][  0]LogConfig: Applying CVar settings from Section [TextureQuality@1] File [X:/RadForge/Git/LostAndFound/TeamSneak/Saved/Config/Windows/Scalability.ini]
[2021.01.29-21.28.49:736][  0]LogConfig: Setting CVar [[r.Streaming.MipBias:1]]
[2021.01.29-21.28.49:736][  0]LogConfig: Setting CVar [[r.Streaming.AmortizeCPUToGPUCopy:0]]
[2021.01.29-21.28.49:736][  0]LogConfig: Setting CVar [[r.Streaming.MaxNumTexturesToStreamPerFrame:0]]
[2021.01.29-21.28.49:736][  0]LogConfig: Setting CVar [[r.Streaming.Boost:1]]
[2021.01.29-21.28.49:736][  0]LogConfig: Setting CVar [[r.MaxAnisotropy:2]]
[2021.01.29-21.28.49:736][  0]LogConfig: Setting CVar [[r.VT.MaxAnisotropy:4]]
[2021.01.29-21.28.49:736][  0]LogConfig: Setting CVar [[r.Streaming.LimitPoolSizeToVRAM:1]]
[2021.01.29-21.28.49:736][  0]LogConfig: Setting CVar [[r.Streaming.PoolSize:600]]
[2021.01.29-21.28.49:736][  0]LogConfig: Setting CVar [[r.Streaming.MaxEffectiveScreenSize:0]]
[2021.01.29-21.28.49:736][  0]LogConfig: Applying CVar settings from Section [EffectsQuality@2] File [X:/RadForge/Git/LostAndFound/TeamSneak/Saved/Config/Windows/Scalability.ini]
[2021.01.29-21.28.49:736][  0]LogConfig: Setting CVar [[r.TranslucencyLightingVolumeDim:48]]
[2021.01.29-21.28.49:736][  0]LogConfig: Setting CVar [[r.RefractionQuality:2]]
[2021.01.29-21.28.49:736][  0]LogConfig: Setting CVar [[r.SSR.Quality:2]]
[2021.01.29-21.28.49:736][  0]LogConfig: Setting CVar [[r.SSR.HalfResSceneColor:1]]
[2021.01.29-21.28.49:736][  0]LogConfig: Setting CVar [[r.SceneColorFormat:3]]
[2021.01.29-21.28.49:736][  0]LogConfig: Setting CVar [[r.DetailMode:1]]
[2021.01.29-21.28.49:736][  0]LogConfig: Setting CVar [[r.TranslucencyVolumeBlur:1]]
[2021.01.29-21.28.49:736][  0]LogConfig: Setting CVar [[r.MaterialQualityLevel:1 ; High quality]]
[2021.01.29-21.28.49:736][  0]LogConfig: Setting CVar [[r.SSS.Scale:1]]
[2021.01.29-21.28.49:736][  0]LogConfig: Setting CVar [[r.SSS.SampleSet:1]]
[2021.01.29-21.28.49:736][  0]LogConfig: Setting CVar [[r.SSS.Quality:-1]]
[2021.01.29-21.28.49:736][  0]LogConfig: Setting CVar [[r.SSS.HalfRes:1]]
[2021.01.29-21.28.49:736][  0]LogConfig: Setting CVar [[r.SSGI.Quality:2]]
[2021.01.29-21.28.49:736][  0]LogConfig: Setting CVar [[r.EmitterSpawnRateScale:0.5]]
[2021.01.29-21.28.49:736][  0]LogConfig: Setting CVar [[r.ParticleLightQuality:1]]
[2021.01.29-21.28.49:736][  0]LogConfig: Setting CVar [[r.SkyAtmosphere.AerialPerspectiveLUT.FastApplyOnOpaque:1 ; Always have FastSkyLUT 1 in this case to avoid wrong sky]]
[2021.01.29-21.28.49:736][  0]LogConfig: Setting CVar [[r.SkyAtmosphere.AerialPerspectiveLUT.SampleCountPerSlice:1]]
[2021.01.29-21.28.49:736][  0]LogConfig: Setting CVar [[r.SkyAtmosphere.AerialPerspectiveLUT.DepthResolution:16.0]]
[2021.01.29-21.28.49:736][  0]LogConfig: Setting CVar [[r.SkyAtmosphere.FastSkyLUT:1]]
[2021.01.29-21.28.49:736][  0]LogConfig: Setting CVar [[r.SkyAtmosphere.FastSkyLUT.SampleCountMin:4.0]]
[2021.01.29-21.28.49:736][  0]LogConfig: Setting CVar [[r.SkyAtmosphere.FastSkyLUT.SampleCountMax:32.0]]
[2021.01.29-21.28.49:736][  0]LogConfig: Setting CVar [[r.SkyAtmosphere.SampleCountMin:4.0]]
[2021.01.29-21.28.49:736][  0]LogConfig: Setting CVar [[r.SkyAtmosphere.SampleCountMax:32.0]]
[2021.01.29-21.28.49:736][  0]LogConfig: Setting CVar [[r.SkyAtmosphere.TransmittanceLUT.UseSmallFormat:0]]
[2021.01.29-21.28.49:736][  0]LogConfig: Setting CVar [[r.SkyAtmosphere.TransmittanceLUT.SampleCount:10.0]]
[2021.01.29-21.28.49:736][  0]LogConfig: Setting CVar [[r.SkyAtmosphere.MultiScatteringLUT.SampleCount:15.0]]
[2021.01.29-21.28.49:736][  0]LogConfig: Applying CVar settings from Section [FoliageQuality@0] File [X:/RadForge/Git/LostAndFound/TeamSneak/Saved/Config/Windows/Scalability.ini]
[2021.01.29-21.28.49:736][  0]LogConfig: Setting CVar [[foliage.DensityScale:0]]
[2021.01.29-21.28.49:736][  0]LogConfig: Setting CVar [[grass.DensityScale:0]]
[2021.01.29-21.28.49:736][  0]LogConfig: Applying CVar settings from Section [ShadingQuality@1] File [X:/RadForge/Git/LostAndFound/TeamSneak/Saved/Config/Windows/Scalability.ini]
[2021.01.29-21.28.49:736][  0]LogConfig: Setting CVar [[r.HairStrands.SkyLighting.SampleCount:16]]
[2021.01.29-21.28.49:736][  0]LogConfig: Setting CVar [[r.HairStrands.SkyLighting.JitterIntegration:0]]
[2021.01.29-21.28.49:736][  0]LogConfig: Setting CVar [[r.HairStrands.SkyAO.SampleCount:16]]
[2021.01.29-21.28.49:736][  0]LogConfig: Setting CVar [[r.HairStrands.DeepShadow.SuperSampling:0]]
[2021.01.29-21.28.49:736][  0]LogConfig: Setting CVar [[r.HairStrands.VisibilityPPLL:0]]
[2021.01.29-21.28.49:736][  0]LogConfig: Setting CVar [[r.HairStrands.RasterizationScale:0.5]]
[2021.01.29-21.28.49:736][  0]LogConfig: Setting CVar [[r.HairStrands.VelocityRasterizationScale:1]]
[2021.01.29-21.28.49:736][  0]LogConfig: Applying CVar settings from Section [Startup] File [../../../Engine/Config/ConsoleVariables.ini]
[2021.01.29-21.28.49:737][  0]LogConfig: Setting CVar [[net.UseAdaptiveNetUpdateFrequency:0]]
[2021.01.29-21.28.49:737][  0]LogConfig: Setting CVar [[p.chaos.AllowCreatePhysxBodies:1]]
[2021.01.29-21.28.49:737][  0]LogConfig: Setting CVar [[fx.SkipVectorVMBackendOptimizations:1]]
[2021.01.29-21.28.49:737][  0]LogConfig: Applying CVar settings from Section [ConsoleVariables] File [X:/RadForge/Git/LostAndFound/TeamSneak/Saved/Config/Windows/Engine.ini]
[2021.01.29-21.28.49:737][  0]LogInit: Computer: DEVELOPMENT-PC
[2021.01.29-21.28.49:737][  0]LogInit: User: RaxsSlayer
[2021.01.29-21.28.49:737][  0]LogInit: CPU Page size=4096, Cores=4
[2021.01.29-21.28.49:737][  0]LogInit: High frequency timer resolution =10.000000 MHz
[2021.01.29-21.28.49:737][  0]LogMemory: Memory total: Physical=16.0GB (16GB approx)
[2021.01.29-21.28.49:737][  0]LogMemory: Platform Memory Stats for Windows
[2021.01.29-21.28.49:737][  0]LogMemory: Process Physical Memory: 119.85 MB used, 119.85 MB peak
[2021.01.29-21.28.49:738][  0]LogMemory: Process Virtual Memory: 101.32 MB used, 101.32 MB peak
[2021.01.29-21.28.49:738][  0]LogMemory: Physical Memory: 11275.09 MB used,  5061.05 MB free, 16336.14 MB total
[2021.01.29-21.28.49:738][  0]LogMemory: Virtual Memory: 5175.15 MB used,  134212552.00 MB free, 134217728.00 MB total
[2021.01.29-21.28.49:746][  0]LogWindows: WindowsPlatformFeatures enabled
[2021.01.29-21.28.49:787][  0]LogInit: Physics initialised using underlying interface: PhysX
[2021.01.29-21.28.49:788][  0]LogInit: Using OS detected language (en-GB).
[2021.01.29-21.28.49:788][  0]LogInit: Using OS detected locale (en-GB).
[2021.01.29-21.28.49:791][  0]LogTextLocalizationManager: No specific localization for 'en-GB' exists, so the 'en' localization will be used.
[2021.01.29-21.28.50:043][  0]LogInit: Setting process to per monitor DPI aware
[2021.01.29-21.28.50:096][  0]LogSlate: New Slate User Created.  User Index 0, Is Virtual User: 0
[2021.01.29-21.28.50:096][  0]LogSlate: Slate User Registered.  User Index 0, Is Virtual User: 0
[2021.01.29-21.28.50:353][  0]LogD3D11RHI: D3D11 min allowed feature level: 11_0
[2021.01.29-21.28.50:353][  0]LogD3D11RHI: D3D11 max allowed feature level: 11_0
[2021.01.29-21.28.50:353][  0]LogD3D11RHI: D3D11 adapters:
[2021.01.29-21.28.50:438][  0]LogD3D11RHI:    0. 'NVIDIA GeForce GTX 1060 6GB' (Feature Level 11_0)
[2021.01.29-21.28.50:438][  0]LogD3D11RHI:       6052/0/8168 MB DedicatedVideo/DedicatedSystem/SharedSystem, Outputs:2, VendorId:0x10de
[2021.01.29-21.28.50:441][  0]LogD3D11RHI:    1. 'Microsoft Basic Render Driver' (Feature Level 11_0)
[2021.01.29-21.28.50:441][  0]LogD3D11RHI:       0/0/8168 MB DedicatedVideo/DedicatedSystem/SharedSystem, Outputs:0, VendorId:0x1414
[2021.01.29-21.28.50:441][  0]LogD3D11RHI: Chosen D3D11 Adapter: 0
[2021.01.29-21.28.50:454][  0]LogD3D11RHI: Creating new Direct3DDevice
[2021.01.29-21.28.50:454][  0]LogD3D11RHI:     GPU DeviceId: 0x1c03 (for the marketing name, search the web for "GPU Device Id")
[2021.01.29-21.28.50:454][  0]LogWindows: EnumDisplayDevices:
[2021.01.29-21.28.50:455][  0]LogWindows:    0. 'NVIDIA GeForce GTX 1060 6GB' (P:1 D:1)
[2021.01.29-21.28.50:455][  0]LogWindows:    1. 'NVIDIA GeForce GTX 1060 6GB' (P:0 D:1)
[2021.01.29-21.28.50:455][  0]LogWindows:    2. 'NVIDIA GeForce GTX 1060 6GB' (P:0 D:0)
[2021.01.29-21.28.50:456][  0]LogWindows:    3. 'NVIDIA GeForce GTX 1060 6GB' (P:0 D:0)
[2021.01.29-21.28.50:456][  0]LogWindows: DebugString: FoundDriverCount:4 
[2021.01.29-21.28.50:456][  0]LogD3D11RHI:     Adapter Name: NVIDIA GeForce GTX 1060 6GB
[2021.01.29-21.28.50:456][  0]LogD3D11RHI:   Driver Version: 445.75 (internal:26.21.14.4575, unified:445.75)
[2021.01.29-21.28.50:456][  0]LogD3D11RHI:      Driver Date: 3-17-2020
[2021.01.29-21.28.50:456][  0]LogRHI: Texture pool is 4236 MB (70% of 6052 MB)
[2021.01.29-21.28.50:530][  0]LogD3D11RHI: RHI has support for 64 bit atomics
[2021.01.29-21.28.50:530][  0]LogD3D11RHI: Async texture creation enabled
[2021.01.29-21.28.50:530][  0]LogD3D11RHI: Array index from any shader is supported
[2021.01.29-21.28.50:558][  0]LogD3D11RHI: GPU Timing Frequency: 1000.000000 (Debug: 2 1)
[2021.01.29-21.28.51:020][  0]LogTargetPlatformManager: Display: Loaded TargetPlatform 'AllDesktop'
[2021.01.29-21.28.51:046][  0]LogTargetPlatformManager: Display: Loaded TargetPlatform 'Android'
[2021.01.29-21.28.51:046][  0]LogTargetPlatformManager: Display: Loaded TargetPlatform 'Android_ASTC'
[2021.01.29-21.28.51:046][  0]LogTargetPlatformManager: Display: Loaded TargetPlatform 'Android_DXT'
[2021.01.29-21.28.51:046][  0]LogTargetPlatformManager: Display: Loaded TargetPlatform 'Android_ETC2'
[2021.01.29-21.28.51:046][  0]LogTargetPlatformManager: Display: Loaded TargetPlatform 'AndroidClient'
[2021.01.29-21.28.51:046][  0]LogTargetPlatformManager: Display: Loaded TargetPlatform 'Android_ASTCClient'
[2021.01.29-21.28.51:046][  0]LogTargetPlatformManager: Display: Loaded TargetPlatform 'Android_DXTClient'
[2021.01.29-21.28.51:046][  0]LogTargetPlatformManager: Display: Loaded TargetPlatform 'Android_ETC2Client'
[2021.01.29-21.28.51:046][  0]LogTargetPlatformManager: Display: Loaded TargetPlatform 'Android_Multi'
[2021.01.29-21.28.51:046][  0]LogTargetPlatformManager: Display: Loaded TargetPlatform 'Android_MultiClient'
[2021.01.29-21.28.51:073][  0]LogTargetPlatformManager: Display: Loaded TargetPlatform 'IOSClient'
[2021.01.29-21.28.51:073][  0]LogTargetPlatformManager: Display: Loaded TargetPlatform 'IOS'
[2021.01.29-21.28.51:085][  0]LogTargetPlatformManager: Display: Loaded TargetPlatform 'Linux'
[2021.01.29-21.28.51:096][  0]LogTargetPlatformManager: Display: Loaded TargetPlatform 'LinuxNoEditor'
[2021.01.29-21.28.51:106][  0]LogTargetPlatformManager: Display: Loaded TargetPlatform 'LinuxClient'
[2021.01.29-21.28.51:116][  0]LogTargetPlatformManager: Display: Loaded TargetPlatform 'LinuxServer'
[2021.01.29-21.28.51:126][  0]LogTargetPlatformManager: Display: Loaded TargetPlatform 'LinuxAArch64NoEditor'
[2021.01.29-21.28.51:137][  0]LogTargetPlatformManager: Display: Loaded TargetPlatform 'LinuxAArch64Client'
[2021.01.29-21.28.51:148][  0]LogTargetPlatformManager: Display: Loaded TargetPlatform 'LinuxAArch64Server'
[2021.01.29-21.28.51:179][  0]LogTargetPlatformManager: Display: Loaded TargetPlatform 'Lumin'
[2021.01.29-21.28.51:179][  0]LogTargetPlatformManager: Display: Loaded TargetPlatform 'LuminClient'
[2021.01.29-21.28.51:195][  0]LogTargetPlatformManager: Display: Loaded TargetPlatform 'TVOSClient'
[2021.01.29-21.28.51:195][  0]LogTargetPlatformManager: Display: Loaded TargetPlatform 'TVOS'
[2021.01.29-21.28.51:206][  0]LogTargetPlatformManager: Display: Loaded TargetPlatform 'WindowsNoEditor'
[2021.01.29-21.28.51:217][  0]LogTargetPlatformManager: Display: Loaded TargetPlatform 'Windows'
[2021.01.29-21.28.51:228][  0]LogTargetPlatformManager: Display: Loaded TargetPlatform 'WindowsClient'
[2021.01.29-21.28.51:239][  0]LogTargetPlatformManager: Display: Loaded TargetPlatform 'WindowsServer'
[2021.01.29-21.28.51:239][  0]LogTargetPlatformManager: Display: Building Assets For Windows
[2021.01.29-21.28.51:248][  0]LogAudioDebug: Display: Lib vorbis DLL was dynamically loaded.
[2021.01.29-21.28.51:319][  0]LogShaderCompilers: Guid format shader working directory is -5 characters bigger than the processId version (../../../../../../../RadForge/Git/LostAndFound/TeamSneak/Intermediate/Shaders/WorkingDirectory/17484/).
[2021.01.29-21.28.51:319][  0]LogShaderCompilers: Cleaned the shader compiler working directory 'C:/Users/Raxs Slayer/AppData/Local/Temp/UnrealShaderWorkingDir/0B0E53164248C293A48340B9E2E25C33/'.
[2021.01.29-21.28.51:319][  0]LogXGEController: Cleaning working directory: C:/Users/Raxs Slayer/AppData/Local/Temp/UnrealXGEWorkingDir/
[2021.01.29-21.28.51:319][  0]LogXGEController: Cannot use XGE Controller as Incredibuild is not installed on this machine.
[2021.01.29-21.28.51:320][  0]LogShaderCompilers: Cannot use XGE Shader Compiler as Incredibuild is not installed on this machine.
[2021.01.29-21.28.51:320][  0]LogShaderCompilers: Display: Using Local Shader Compiler.
[2021.01.29-21.28.52:213][  0]LogDerivedDataCache: Display: Max Cache Size: 512 MB
[2021.01.29-21.28.52:288][  0]LogDerivedDataCache: Loaded boot cache 0.07s 79MB C:/Users/Raxs Slayer/AppData/Local/UnrealEngine/4.25/DerivedDataCache/Boot.ddc.
[2021.01.29-21.28.52:288][  0]LogDerivedDataCache: Display: Loaded Boot cache: C:/Users/Raxs Slayer/AppData/Local/UnrealEngine/4.25/DerivedDataCache/Boot.ddc
[2021.01.29-21.28.52:288][  0]LogDerivedDataCache: FDerivedDataBackendGraph:  Pak pak cache file ../../../../../../../RadForge/Git/LostAndFound/TeamSneak/DerivedDataCache/DDC.ddp not found, will not use a pak cache.
[2021.01.29-21.28.52:288][  0]LogDerivedDataCache: Unable to find inner node Pak for hierarchical cache Hierarchy.
[2021.01.29-21.28.52:288][  0]LogDerivedDataCache: FDerivedDataBackendGraph:  CompressedPak pak cache file ../../../../../../../RadForge/Git/LostAndFound/TeamSneak/DerivedDataCache/Compressed.ddp not found, will not use a pak cache.
[2021.01.29-21.28.52:288][  0]LogDerivedDataCache: Unable to find inner node CompressedPak for hierarchical cache Hierarchy.
[2021.01.29-21.28.52:300][  0]LogDerivedDataCache: Display: Pak cache opened for reading ../../../Engine/DerivedDataCache/Compressed.ddp.
[2021.01.29-21.28.52:301][  0]LogDerivedDataCache: FDerivedDataBackendGraph:  EnterprisePak pak cache file ../../../Enterprise/DerivedDataCache/Compressed.ddp not found, will not use a pak cache.
[2021.01.29-21.28.52:301][  0]LogDerivedDataCache: Unable to find inner node EnterprisePak for hierarchical cache Hierarchy.
[2021.01.29-21.28.52:302][  0]LogDerivedDataCache: Using Local data cache path C:/Users/Raxs Slayer/AppData/Local/UnrealEngine/Common/DerivedDataCache: Writable
[2021.01.29-21.28.52:302][  0]LogDerivedDataCache: Shared data cache path not found in *engine.ini, will not use an Shared cache.
[2021.01.29-21.28.52:302][  0]LogDerivedDataCache: Unable to find inner node Shared for hierarchical cache Hierarchy.
[2021.01.29-21.28.52:360][  0]LogSlate: Using FreeType 2.10.0
[2021.01.29-21.28.52:360][  0]LogSlate: SlateFontServices - WITH_FREETYPE: 1, WITH_HARFBUZZ: 1
[2021.01.29-21.28.52:398][  0]LogAssetRegistry: FAssetRegistry took 0.0032 seconds to start up
[2021.01.29-21.28.52:679][  0]LogInit: Selected Device Profile: [Windows]
[2021.01.29-21.28.52:851][  0]LogMeshReduction: Using QuadricMeshReduction for automatic static mesh reduction
[2021.01.29-21.28.52:851][  0]LogMeshReduction: Using SimplygonMeshReduction for automatic skeletal mesh reduction
[2021.01.29-21.28.52:851][  0]LogMeshReduction: Using ProxyLODMeshReduction for automatic mesh merging
[2021.01.29-21.28.52:851][  0]LogMeshReduction: No distributed automatic mesh merging module available
[2021.01.29-21.28.52:851][  0]LogMeshMerging: No distributed automatic mesh merging module available
[2021.01.29-21.28.52:873][  0]LogNetVersion: TeamSneak 1.0.0, NetCL: 13144385, EngineNetVer: 14, GameNetVer: 0 (Checksum: 1755659792)
[2021.01.29-21.28.53:468][  0]LogAISub: UAISubsystem::UAISubsystem AISubsystem (0000027425DD4280), frame # 0
[2021.01.29-21.28.53:468][  0]LogAISub: UAISubsystem::UAISubsystem AIPerceptionSystem (0000027425D0D1C0), frame # 0
[2021.01.29-21.28.53:470][  0]LogAISub: UAISubsystem::UAISubsystem EnvQueryManager (0000027425D88800), frame # 0
[2021.01.29-21.28.53:552][  0]LogPackageLocalizationCache: Processed 19 localized package path(s) for 1 prioritized culture(s) in 0.076110 seconds
[2021.01.29-21.28.53:559][  0]LogUObjectArray: 15932 objects as part of root set at end of initial load.
[2021.01.29-21.28.53:559][  0]LogUObjectAllocator: 3969472 out of 0 bytes used by permanent object pool.
[2021.01.29-21.28.53:559][  0]LogUObjectArray: CloseDisregardForGC: 0/0 objects in disregard for GC pool
[2021.01.29-21.28.53:986][  0]LogTcpMessaging: Initializing TcpMessaging bridge
[2021.01.29-21.28.53:991][  0]LogUdpMessaging: Initializing bridge on interface 0.0.0.0:0 to multicast group 230.0.0.1:6666.
[2021.01.29-21.28.54:090][  0]SourceControl: Source control is disabled
[2021.01.29-21.28.54:113][  0]LogWindows: Warning: CreateProc failed: The system cannot find the file specified. (0x00000002)
[2021.01.29-21.28.54:113][  0]LogWindows: Warning: URL: C:/Program Files/Git/bin/git.exe version
[2021.01.29-21.28.54:117][  0]LogWindows: Warning: CreateProc failed: The system cannot find the file specified. (0x00000002)
[2021.01.29-21.28.54:117][  0]LogWindows: Warning: URL: C:/Program Files/Git/bin/git.exe version
[2021.01.29-21.28.54:120][  0]LogWindows: Warning: CreateProc failed: The system cannot find the file specified. (0x00000002)
[2021.01.29-21.28.54:121][  0]LogWindows: Warning: URL: C:/Program Files/Git/bin/git.exe version
[2021.01.29-21.28.54:131][  0]LogWindows: Warning: CreateProc failed: The system cannot find the file specified. (0x00000002)
[2021.01.29-21.28.54:131][  0]LogWindows: Warning: URL: C:/Program Files/Git/bin/git.exe version
[2021.01.29-21.28.54:410][  0]LogAndroidPermission: UAndroidPermissionCallbackProxy::GetInstance
[2021.01.29-21.28.54:435][  0]LogAudioCaptureCore: Display: No Audio Capture implementations found. Audio input will be silent.
[2021.01.29-21.28.54:435][  0]LogAudioCaptureCore: Display: No Audio Capture implementations found. Audio input will be silent.
[2021.01.29-21.28.54:492][  0]LogOcInput: OculusInput pre-init called
[2021.01.29-21.28.54:846][  0]LogEngine: Initializing Engine...
[2021.01.29-21.28.54:847][  0]LogHMD: Oculus plugin initialized. Version: 4.25.4-14469661+++UE4+Release-4.25, OVRPlugin: 1.44.0
[2021.01.29-21.28.54:848][  0]LogStats: UGameplayTagsManager::InitializeManager -  0.000 s
[2021.01.29-21.28.55:014][  0]LogInit: Initializing FReadOnlyCVARCache
[2021.01.29-21.28.55:024][  0]LogAIModule: Creating AISystem for world Untitled
[2021.01.29-21.28.55:024][  0]LogAISub: UAISubsystem::UAISubsystem EnvQueryManager (000002742D7A5200), frame # 0
[2021.01.29-21.28.55:024][  0]LogAISub: UAISubsystem::UAISubsystem AIPerceptionSystem (000002742D7B2FC0), frame # 0
[2021.01.29-21.28.55:054][  0]LogAudioMixer: Display: Audio Mixer Platform Settings:
[2021.01.29-21.28.55:054][  0]LogAudioMixer: Display: 	Sample Rate:						  48000
[2021.01.29-21.28.55:054][  0]LogAudioMixer: Display: 	Callback Buffer Frame Size Requested: 1024
[2021.01.29-21.28.55:054][  0]LogAudioMixer: Display: 	Callback Buffer Frame Size To Use:	  1024
[2021.01.29-21.28.55:054][  0]LogAudioMixer: Display: 	Number of buffers to queue:			  2
[2021.01.29-21.28.55:054][  0]LogAudioMixer: Display: 	Max Channels (voices):				  32
[2021.01.29-21.28.55:054][  0]LogAudioMixer: Display: 	Number of Async Source Workers:		  0
[2021.01.29-21.28.55:054][  0]LogAudio: Display: AudioDevice MaxSources: 32
[2021.01.29-21.28.55:055][  0]LogAudio: Display: Using built-in audio occlusion.
[2021.01.29-21.28.55:055][  0]LogAudioMixer: Display: Initializing audio mixer.
[2021.01.29-21.28.55:078][  0]LogAudioMixer: Display: 0: FrontLeft
[2021.01.29-21.28.55:078][  0]LogAudioMixer: Display: 1: FrontRight
[2021.01.29-21.28.55:136][  0]LogAudioMixer: Display: Using Audio Device Speakers (Realtek High Definition Audio)
[2021.01.29-21.28.55:143][  0]LogAudioMixer: Display: Initializing Sound Submixes...
[2021.01.29-21.28.55:145][  0]LogAudioMixer: Display: Creating Master Submix 'MasterSubmixDefault'
[2021.01.29-21.28.55:145][  0]LogAudioMixer: Display: Creating Master Submix 'MasterReverbSubmixDefault'
[2021.01.29-21.28.55:147][  0]LogAudioMixer: Display: Creating Master Submix 'MasterEQSubmixDefault'
[2021.01.29-21.28.55:148][  0]LogInit: FAudioDevice initialized.
[2021.01.29-21.28.55:148][  0]LogNetVersion: Set ProjectVersion to 1.0.0.0. Version Checksum will be recalculated on next use.
[2021.01.29-21.28.55:227][  0]LogDerivedDataCache: Saved boot cache 0.08s 79MB C:/Users/Raxs Slayer/AppData/Local/UnrealEngine/4.25/DerivedDataCache/Boot.ddc.
[2021.01.29-21.28.55:234][  0]LogInit: Texture streaming: Enabled
[2021.01.29-21.28.55:251][  0]LogEngineSessionManager: EngineSessionManager initialized
[2021.01.29-21.28.55:251][  0]LogEditorSessionSummary: Verbose: Initializing EditorSessionSummaryWriter for editor session tracking
[2021.01.29-21.28.55:254][  0]LogEditorSessionSummary: EditorSessionSummaryWriter initialized
[2021.01.29-21.28.55:331][  0]LogInit: Transaction tracking system initialized
[2021.01.29-21.28.55:355][  0]BlueprintLog: New page: Editor Load
[2021.01.29-21.28.55:433][  0]LocalizationService: Localization service is disabled
[2021.01.29-21.28.55:611][  0]LogCook: Display: Max memory allowance for cook 16384mb min free memory 0mb
[2021.01.29-21.28.55:611][  0]LogCook: Display: Mobile HDR setting 1
[2021.01.29-21.28.55:762][  0]LogFileCache: Scanning file cache for directory 'X:/RadForge/Git/LostAndFound/TeamSneak/Content/' took 0.00s
[2021.01.29-21.28.56:074][  0]LogWindows: Warning: CreateProc failed: The system cannot find the file specified. (0x00000002)
[2021.01.29-21.28.56:074][  0]LogWindows: Warning: URL: C:/Program Files/Git/bin/git.exe version
[2021.01.29-21.28.56:074][  0]LogUnrealEdMisc: Loading editor; pre map load, took 9.377
[2021.01.29-21.28.56:075][  0]Cmd: MAP LOAD FILE="../../../../../../../RadForge/Git/LostAndFound/TeamSneak/Content/FirstPersonBP/Maps/FirstPersonExampleMap.umap" TEMPLATE=0 SHOWPROGRESS=1 FEATURELEVEL=3
[2021.01.29-21.28.56:075][  0]LightingResults: New page: Lighting Build
[2021.01.29-21.28.56:076][  0]LogWorld: UWorld::CleanupWorld for Untitled, bSessionEnded=true, bCleanupResources=true
[2021.01.29-21.28.56:076][  0]LogSlate: InvalidateAllWidgets triggered.  All widgets were invalidated
[2021.01.29-21.28.56:076][  0]MapCheck: New page: Map Check
[2021.01.29-21.28.56:076][  0]LightingResults: New page: Lighting Build
[2021.01.29-21.28.56:085][  0]LogAISub: UAISubsystem::~UAISubsystem EnvQueryManager (000002742D7A5200), frame # 0
[2021.01.29-21.28.56:086][  0]LogAISub: UAISubsystem::~UAISubsystem AIPerceptionSystem (000002742D7B2FC0), frame # 0
[2021.01.29-21.28.56:086][  0]LogUObjectHash: Compacting FUObjectHashTables data took   0.78ms
[2021.01.29-21.28.56:220][  0]LogAIModule: Creating AISystem for world FirstPersonExampleMap
[2021.01.29-21.28.56:220][  0]LogAISub: UAISubsystem::UAISubsystem EnvQueryManager (000002742E47FE00), frame # 0
[2021.01.29-21.28.56:220][  0]LogAISub: UAISubsystem::UAISubsystem AIPerceptionSystem (000002742DF97240), frame # 0
[2021.01.29-21.28.56:230][  0]LogSkinnedMeshComp: Warning: GetSocketByName(GripPoint): No SkeletalMesh for Component(Mesh2P) Actor(FirstPersonCharacter_C_1)
[2021.01.29-21.28.56:230][  0]LogSkinnedMeshComp: Warning: GetSocketByName(GripPoint): No SkeletalMesh for Component(Mesh2P) Actor(FirstPersonCharacter_C_1)
[2021.01.29-21.28.56:230][  0]LogSkinnedMeshComp: Warning: GetSocketByName(GripPoint): No SkeletalMesh for Component(Mesh2P) Actor(FirstPersonCharacter_C_1)
[2021.01.29-21.28.56:232][  0]LogSkinnedMeshComp: Warning: GetSocketByName(GripPoint): No SkeletalMesh for Component(Mesh2P) Actor(FirstPersonCharacter_C_1)
[2021.01.29-21.28.56:232][  0]LogEditorServer: Finished looking for orphan Actors (0.000 secs)
[2021.01.29-21.28.56:244][  0]LogUObjectHash: Compacting FUObjectHashTables data took   0.85ms
[2021.01.29-21.28.56:244][  0]Cmd: MAP CHECKDEP NOCLEARLOG
[2021.01.29-21.28.56:244][  0]MapCheck: Map check complete: 0 Error(s), 0 Warning(s), took 0.103ms to complete.
[2021.01.29-21.28.56:244][  0]LogFileHelpers: Loading map 'FirstPersonExampleMap' took 0.170
[2021.01.29-21.28.56:246][  0]LogUnrealEdMisc: Total Editor Startup Time, took 9.548
[2021.01.29-21.28.56:418][  0]LogSlate: Took 0.000259 seconds to synchronously load lazily loaded font '../../../Engine/Content/Slate/Fonts/Roboto-Regular.ttf' (155K)
[2021.01.29-21.28.56:972][  0]LogSlate: Updating window title bar state: overlay mode, drag disabled, window buttons hidden, title bar hidden
[2021.01.29-21.28.56:981][  0]LogSlate: Updating window title bar state: overlay mode, drag disabled, window buttons hidden, title bar hidden
[2021.01.29-21.28.56:989][  0]LogSlate: Updating window title bar state: overlay mode, drag disabled, window buttons hidden, title bar hidden
[2021.01.29-21.28.56:998][  0]LogSlate: Updating window title bar state: overlay mode, drag disabled, window buttons hidden, title bar hidden
[2021.01.29-21.28.57:004][  0]LogCollectionManager: Loaded 0 collections in 0.000998 seconds
[2021.01.29-21.28.57:098][  0]LogFileCache: Scanning file cache for directory 'X:/RadForge/Git/LostAndFound/TeamSneak/Saved/Collections/' took 0.00s
[2021.01.29-21.28.57:098][  0]LogFileCache: Scanning file cache for directory 'X:/RadForge/Git/LostAndFound/TeamSneak/Content/Developers/RaxsSlayer/Collections/' took 0.00s
[2021.01.29-21.28.57:098][  0]LogFileCache: Scanning file cache for directory 'X:/RadForge/Git/LostAndFound/TeamSneak/Content/Collections/' took 0.00s
[2021.01.29-21.28.57:098][  0]LogContentBrowser: Native class hierarchy populated in 0.0107 seconds. Added 3427 classes and 821 folders.
[2021.01.29-21.28.57:103][  0]LogContentBrowser: Native class hierarchy updated for 'WidgetCarousel' in 0.0004 seconds. Added 0 classes and 0 folders.
[2021.01.29-21.28.57:207][  0]LogContentBrowser: Native class hierarchy updated for 'AddContentDialog' in 0.0003 seconds. Added 0 classes and 0 folders.
[2021.01.29-21.28.57:215][  0]LogContentBrowser: Native class hierarchy updated for 'SceneOutliner' in 0.0004 seconds. Added 2 classes and 0 folders.
[2021.01.29-21.28.57:232][  0]LogContentBrowser: Native class hierarchy updated for 'WorldBrowser' in 0.0005 seconds. Added 2 classes and 3 folders.
[2021.01.29-21.28.57:851][  0]LogContentBrowser: Native class hierarchy updated for 'HierarchicalLODOutliner' in 0.0004 seconds. Added 0 classes and 0 folders.
[2021.01.29-21.28.57:851][  0]LogLoad: (Engine Initialization) Total time: 11.15 seconds
[2021.01.29-21.28.57:851][  0]LogLoad: (Engine Initialization) Total Blueprint compile time: 0.00 seconds
[2021.01.29-21.28.57:870][  0]LogOcInput: OculusInput is initialized
[2021.01.29-21.28.58:559][  0]LogRenderer: Reallocating scene render targets to support 64x64 Format 9 NumSamples 1 (Frame:1).
[2021.01.29-21.28.58:559][  0]LogAssetRegistry: Asset discovery search completed in 6.1630 seconds
[2021.01.29-21.28.58:586][  0]LogCollectionManager: Fixed up redirectors for 0 collections in 0.000003 seconds (updated 0 objects)
[2021.01.29-21.28.58:587][  0]LogContentStreaming: Texture pool size now 600 MB
[2021.01.29-21.28.58:596][  0]LogSlate: Took 0.000301 seconds to synchronously load lazily loaded font '../../../Engine/Content/Slate/Fonts/Roboto-Bold.ttf' (160K)
[2021.01.29-21.28.58:600][  0]LogSlate: Took 0.000353 seconds to synchronously load lazily loaded font '../../../Engine/Content/Editor/Slate/Fonts/FontAwesome.ttf' (139K)
[2021.01.29-21.28.58:732][  0]LogRenderer: Reallocating scene render targets to support 1520x552 Format 9 NumSamples 1 (Frame:1).
[2021.01.29-21.28.58:732][  0]LogSlate: Took 0.000246 seconds to synchronously load lazily loaded font '../../../Engine/Content/Slate/Fonts/Roboto-Light.ttf' (167K)
[2021.01.29-21.28.59:273][  3]LogSlate: Took 0.000241 seconds to synchronously load lazily loaded font '../../../Engine/Content/Slate/Fonts/Roboto-Light.ttf' (167K)
[2021.01.29-21.29.00:904][103]LogRenderer: Reallocating scene render targets to support 1644x568 Format 9 NumSamples 1 (Frame:49).
[2021.01.29-21.29.08:981][753]LogSlate: Window 'Pick Parent Class' being destroyed
[2021.01.29-21.29.30:394][198]LogAssetEditorSubsystem: Opening Asset editor for UserDefinedEnum /Game/Blueprints/Enum_Items.Enum_Items
[2021.01.29-21.29.50:796][335]Cmd: OBJ SAVEPACKAGE PACKAGE="/Game/Blueprints/Enum_Items" FILE="../../../../../../../RadForge/Git/LostAndFound/TeamSneak/Content/Blueprints/Enum_Items.uasset" SILENT=true
[2021.01.29-21.29.50:808][335]LogSavePackage: Moving '../../../../../../../RadForge/Git/LostAndFound/TeamSneak/Saved/Enum_Items745E17424A4BBE7CBC13C49E401923E3.tmp' to '../../../../../../../RadForge/Git/LostAndFound/TeamSneak/Content/Blueprints/Enum_Items.uasset'
[2021.01.29-21.29.50:877][335]AssetCheck: New page: Asset Save: Enum_Items
[2021.01.29-21.29.50:877][335]LogContentValidation: Display: Validating UserDefinedEnum /Game/Blueprints/Enum_Items.Enum_Items
[2021.01.29-21.29.51:609][397]Cmd: OBJ SAVEPACKAGE PACKAGE="/Game/Blueprints/Enum_Items" FILE="../../../../../../../RadForge/Git/LostAndFound/TeamSneak/Content/Blueprints/Enum_Items.uasset" SILENT=true
[2021.01.29-21.29.51:623][397]LogSavePackage: Moving '../../../../../../../RadForge/Git/LostAndFound/TeamSneak/Saved/Enum_Items8D65944A436EBEF71C17D4AC6663FA88.tmp' to '../../../../../../../RadForge/Git/LostAndFound/TeamSneak/Content/Blueprints/Enum_Items.uasset'
[2021.01.29-21.29.51:644][397]AssetCheck: New page: Asset Save: Enum_Items
[2021.01.29-21.29.51:644][397]LogContentValidation: Display: Validating UserDefinedEnum /Game/Blueprints/Enum_Items.Enum_Items
[2021.01.29-21.32.50:830][415]LogAssetEditorSubsystem: Opening Asset editor for Blueprint /Game/Blueprints/BP_ItemSpawnLocation.BP_ItemSpawnLocation
[2021.01.29-21.32.51:013][415]LogContentBrowser: Native class hierarchy updated for 'BlueprintGraph' in 0.0008 seconds. Added 125 classes and 0 folders.
[2021.01.29-21.32.52:705][416]LogRenderer: Reallocating scene render targets to support 1644x692 Format 9 NumSamples 1 (Frame:1).
[2021.01.29-21.32.54:785][585]LogSlate: Took 0.020706 seconds to synchronously load lazily loaded font '../../../Engine/Content/Slate/Fonts/Roboto-BoldCondensed.ttf' (158K)
[2021.01.29-21.32.56:439][702]LogSlate: Took 0.028317 seconds to synchronously load lazily loaded font '../../../Engine/Content/Slate/Fonts/Roboto-Italic.ttf' (157K)
[2021.01.29-21.33.07:730][693]LogSlate: Took 0.008241 seconds to synchronously load lazily loaded font '../../../Engine/Content/Slate/Fonts/Roboto-BoldCondensedItalic.ttf' (160K)
[2021.01.29-21.33.16:967][644]BlueprintLog: New page: Compile BP_ItemSpawnLocation
[2021.01.29-21.33.17:005][644]LogUObjectHash: Compacting FUObjectHashTables data took   2.21ms
[2021.01.29-21.33.19:621][842]BlueprintLog: New page: Compile BP_ItemSpawnLocation
[2021.01.29-21.33.19:655][842]LogUObjectHash: Compacting FUObjectHashTables data took   2.31ms
[2021.01.29-21.33.40:091][309]LogSlate: Window 'Pick Parent Class' being destroyed
[2021.01.29-21.34.10:736][186]BlueprintLog: New page: Compile BP_ItemSpawnLocation
[2021.01.29-21.34.10:769][186]LogUObjectHash: Compacting FUObjectHashTables data took   2.25ms
[2021.01.29-21.35.37:847][493]LogSlate: Took 0.041061 seconds to synchronously load lazily loaded font '../../../Engine/Content/Slate/Fonts/DroidSansMono.ttf' (77K)
[2021.01.29-21.36.12:641][875]LogUObjectHash: Compacting FUObjectHashTables data took   2.16ms
[2021.01.29-21.36.12:733][875]LogSavePackage: Moving '../../../../../../../RadForge/Git/LostAndFound/TeamSneak/Saved/FirstPersonExampleMap32701D254BAC1A030F57ABAFFA1B5201.tmp' to '../../../../../../../RadForge/Git/LostAndFound/TeamSneak/Content/FirstPersonBP/Maps/FirstPersonExampleMap.umap'
[2021.01.29-21.36.14:120][875]LogSavePackage: Moving '../../../../../../../RadForge/Git/LostAndFound/TeamSneak/Saved/FirstPersonExampleMap_BuiltData8A21C10B4F7D23DE906C8FB370CD2B26.tmp' to '../../../../../../../RadForge/Git/LostAndFound/TeamSneak/Content/FirstPersonBP/Maps/FirstPersonExampleMap_BuiltData.uasset'
[2021.01.29-21.36.14:169][875]AssetCheck: New page: Asset Save: multiple assets
[2021.01.29-21.36.14:169][875]LogContentValidation: Display: Validating World /Game/FirstPersonBP/Maps/FirstPersonExampleMap.FirstPersonExampleMap
[2021.01.29-21.36.14:169][875]LogContentValidation: Display: Validating MapBuildDataRegistry /Game/FirstPersonBP/Maps/FirstPersonExampleMap_BuiltData.FirstPersonExampleMap_BuiltData
[2021.01.29-21.37.12:332][451]LogAssetEditorSubsystem: Opening Asset editor for WidgetBlueprint /Game/Blueprints/GUI/HuD.HuD
[2021.01.29-21.38.52:740][222]BlueprintLog: New page: Compile HuD
[2021.01.29-21.38.52:887][222]LogUObjectHash: Compacting FUObjectHashTables data took   3.84ms
[2021.01.29-21.39.06:167][216]BlueprintLog: New page: Compile HuD
[2021.01.29-21.39.06:243][216]LogUObjectHash: Compacting FUObjectHashTables data took   3.16ms
[2021.01.29-21.39.09:428][434]Cmd: OBJ SAVEPACKAGE PACKAGE="/Game/Blueprints/GUI/HuD" FILE="../../../../../../../RadForge/Git/LostAndFound/TeamSneak/Content/Blueprints/GUI/HuD.uasset" SILENT=true
[2021.01.29-21.39.09:586][434]LogSavePackage: Moving '../../../../../../../RadForge/Git/LostAndFound/TeamSneak/Saved/HuD58A5070A4B2419201AFC74B1C00E8BFA.tmp' to '../../../../../../../RadForge/Git/LostAndFound/TeamSneak/Content/Blueprints/GUI/HuD.uasset'
[2021.01.29-21.39.09:620][434]AssetCheck: New page: Asset Save: HuD
[2021.01.29-21.39.09:620][434]LogContentValidation: Display: Validating WidgetBlueprint /Game/Blueprints/GUI/HuD.HuD
[2021.01.29-21.39.13:178][734]LogUObjectHash: Compacting FUObjectHashTables data took   2.87ms
[2021.01.29-21.39.14:103][734]LogSlate: Window 'Save Content' being destroyed
[2021.01.29-21.39.14:151][734]Cmd: OBJ SAVEPACKAGE PACKAGE="/Game/Blueprints/BP_ItemSpawnLocation" FILE="../../../../../../../RadForge/Git/LostAndFound/TeamSneak/Content/Blueprints/BP_ItemSpawnLocation.uasset" SILENT=true
[2021.01.29-21.39.14:271][734]LogSavePackage: Moving '../../../../../../../RadForge/Git/LostAndFound/TeamSneak/Saved/BP_ItemSpawnLocationD446440546D91B68C06430B96B0C7FB2.tmp' to '../../../../../../../RadForge/Git/LostAndFound/TeamSneak/Content/Blueprints/BP_ItemSpawnLocation.uasset'
[2021.01.29-21.39.14:275][734]Cmd: OBJ SAVEPACKAGE PACKAGE="/Game/Blueprints/GUI/CW_Item" FILE="../../../../../../../RadForge/Git/LostAndFound/TeamSneak/Content/Blueprints/GUI/CW_Item.uasset" SILENT=true
[2021.01.29-21.39.14:290][734]LogSavePackage: Moving '../../../../../../../RadForge/Git/LostAndFound/TeamSneak/Saved/CW_Item9333C40E4526A79379A386B9B41DBC14.tmp' to '../../../../../../../RadForge/Git/LostAndFound/TeamSneak/Content/Blueprints/GUI/CW_Item.uasset'
[2021.01.29-21.39.14:327][734]AssetCheck: New page: Asset Save: multiple assets
[2021.01.29-21.39.14:327][734]LogContentValidation: Display: Validating Blueprint /Game/Blueprints/BP_ItemSpawnLocation.BP_ItemSpawnLocation
[2021.01.29-21.39.14:327][734]LogContentValidation: Display: Validating WidgetBlueprint /Game/Blueprints/GUI/CW_Item.CW_Item
